FDTD Solutions Version 8.17.1157 (Linux 64bit)
 expires (month/day/year): 11/13/2019
using config file: /home/shooten/.config/Lumerical/FDTD Solutions.ini
license host: <a href=http://cchg-plasmon.eecs.berkeley.edu:8095>cchg-plasmon.eecs.berkeley.edu:8095</a>
current time: Wed Nov 14 14:48:37 2018
Running on host: eynoether
All processes are communicating and ready to proceed to simulation...
Running fsp file: /opt/lumerical/2017a/bin/fdtd-engine-mpich2nem -remote -ttyname /dev/pts/47 /data/shooten/emopt/IncoherentCombiner/results/coarse/results2lumerical.fsp
number of processors is 24
processors are distributed as: 8x3x1
Running 3D Simulation
Starting meshing
Simulation size in gridpoints: 40 x 48 x 58
Refined 2800 mesh cells (2.51437%)
Completed meshing!
Meshing complete in 0.14 seconds of CPU time
0 0
Starting meshing
Simulation size in gridpoints: 40 x 48 x 58
Refined 2800 mesh cells (2.51437%)
Completed meshing!
Meshing complete in 0.13 seconds of CPU time
0 0
Starting meshing
Simulation size in gridpoints: 40 x 48 x 58
Refined 2800 mesh cells (2.51437%)
Completed meshing!
Meshing complete in 0.12 seconds of CPU time
0 0
finished material properties
Using selected optimization level: 2
Selecting 3d kernel for splitFieldDirection=0 and optLevel=2
-----------------------------------------
Beginning initialization of 3D Simulation
Starting to add sources to simulation
Adding 3D Mode Source propagating in X
Starting to add boundary conditions to simulation
Adding 3D PML BC
Adding 3D Parallel BC
Adding 3D PML BC
Adding 3D Parallel BC
Adding 3D PML BC
Adding 3D PML BC
Starting to add monitors to Simulation
Adding analysis monitor
Adding 3D DFT monitor
Adding 3D DFT monitor
Adding 3D index monitor
Adding 3D index monitor
Finished initialization of 3D Simulation
-----------------------------------------
All processes are communicating and ready to proceed to simulation...
Starting 13113 total iterations
0% complete. Max time remaining: 1 min, 5 secs. Auto Shutoff: 1
2% complete. Max time remaining: 59 secs. Auto Shutoff: 1
4% complete. Max time remaining: 57 secs. Auto Shutoff: 1
6% complete. Max time remaining: 55 secs. Auto Shutoff: 1.00456
8% complete. Max time remaining: 54 secs. Auto Shutoff: 0.945461
10% complete. Max time remaining: 52 secs. Auto Shutoff: 0.987269
12% complete. Max time remaining: 51 secs. Auto Shutoff: 0.910251
14% complete. Max time remaining: 49 secs. Auto Shutoff: 0.974074
15% complete. Max time remaining: 48 secs. Auto Shutoff: 1.05553
17% complete. Max time remaining: 47 secs. Auto Shutoff: 0.741293
19% complete. Max time remaining: 46 secs. Auto Shutoff: 0.591212
21% complete. Max time remaining: 44 secs. Auto Shutoff: 0.0400583
23% complete. Max time remaining: 43 secs. Auto Shutoff: 0.00524522
25% complete. Max time remaining: 42 secs. Auto Shutoff: 0.00205865
27% complete. Max time remaining: 41 secs. Auto Shutoff: 0.000978898
29% complete. Max time remaining: 40 secs. Auto Shutoff: 0.000503287
31% complete. Max time remaining: 39 secs. Auto Shutoff: 0.000119419
33% complete. Max time remaining: 37 secs. Auto Shutoff: 2.53889e-05
34% complete. Max time remaining: 37 secs. Auto Shutoff: 5.23607e-06
100% complete. Max time remaining: 0 mins, 0 secs. Auto Shutoff: 5.23607e-06
Early termination of simulation, the autoshutoff criteria are satisfied.
Completed 4477 iterations, or 3.414294e-13s of Simulation Time
Process 0 starting to collect data
    collecting monitor data
    collecting source data
Finished collecting data
Simulation completed successfully at: Wed Nov 14 14:49:05 2018
Overall wall time measurements in seconds:
    time to mesh and initialize: 4
    time to run FDTD simulation: 19
    time to finalize data and save to files: 5
    FDTD solver speed: 26.2399 Mnodes/s
    total FDTD solver speed on 24 processes: 629.758 Mnodes/s
